SF:lib/core/cache/popular_news_cache.dart
DA:11,1
DA:13,1
DA:14,2
DA:15,2
DA:19,1
DA:20,3
DA:23,1
DA:24,1
DA:27,3
DA:28,1
DA:31,1
DA:32,5
DA:33,4
DA:34,2
DA:37,1
DA:38,2
DA:39,2
LF:17
LH:17
end_of_record
SF:lib/features/home/data/models/news_model.dart
DA:19,4
DA:36,2
DA:37,2
DA:38,2
DA:39,2
DA:40,2
DA:41,2
DA:42,2
DA:43,2
DA:44,2
DA:45,2
DA:46,4
DA:47,4
DA:48,4
DA:49,4
DA:50,2
DA:51,2
DA:55,1
DA:56,1
DA:57,1
DA:58,1
DA:59,1
DA:60,1
DA:61,1
DA:62,1
DA:63,1
DA:64,1
DA:65,1
DA:66,0
DA:67,1
DA:68,1
DA:69,1
DA:70,1
DA:74,2
DA:75,1
DA:76,1
DA:77,1
DA:78,1
DA:79,1
DA:80,1
DA:81,1
DA:82,1
DA:83,2
DA:84,1
DA:85,1
DA:86,1
DA:87,1
DA:88,1
LF:48
LH:47
end_of_record
SF:lib/core/storage/token_storage.dart
DA:6,1
DA:8,1
DA:9,2
DA:12,3
DA:14,1
DA:15,2
LF:6
LH:6
end_of_record
SF:lib/core/network/api_client.dart
DA:6,1
DA:10,1
DA:12,1
DA:17,2
DA:18,1
DA:24,1
DA:30,2
DA:31,1
DA:38,1
DA:44,2
DA:45,1
DA:52,1
DA:58,2
DA:59,1
LF:14
LH:14
end_of_record
SF:lib/core/widgets/button.dart
DA:7,2
DA:14,1
DA:16,1
DA:19,1
DA:20,1
DA:21,0
DA:23,1
DA:25,1
DA:26,1
DA:27,1
DA:31,1
DA:37,1
LF:12
LH:11
end_of_record
SF:lib/core/widgets/input.dart
DA:12,1
DA:22,1
DA:25,1
DA:27,1
DA:28,1
DA:29,1
DA:30,1
DA:32,1
DA:33,1
DA:34,2
DA:37,1
DA:38,1
DA:39,1
DA:40,1
DA:42,1
DA:43,1
DA:44,1
LF:17
LH:17
end_of_record
SF:lib/routes.dart
DA:15,2
DA:16,2
DA:17,2
DA:18,2
DA:20,2
DA:21,2
DA:23,2
DA:24,2
DA:26,2
DA:27,2
DA:29,2
DA:30,2
DA:33,2
DA:34,0
LF:14
LH:13
end_of_record
SF:lib/core/di/app_providers.g.dart
DA:23,15
DA:24,0
DA:34,0
DA:35,0
DA:37,0
DA:41,0
DA:43,0
DA:45,0
DA:49,0
DA:50,0
DA:52,0
DA:57,0
DA:72,15
DA:73,0
DA:83,0
DA:84,0
DA:86,0
DA:90,0
DA:92,0
DA:94,0
DA:98,0
LF:21
LH:2
end_of_record
SF:lib/core/di/app_providers.dart
DA:7,0
DA:9,0
DA:12,0
DA:14,0
LF:4
LH:0
end_of_record
SF:lib/core/di/cache_providers.g.dart
DA:23,15
DA:24,0
DA:34,1
DA:35,1
DA:37,1
DA:41,1
DA:43,0
DA:45,0
DA:49,1
LF:9
LH:6
end_of_record
SF:lib/core/di/cache_providers.dart
DA:7,0
DA:9,0
DA:10,0
LF:3
LH:0
end_of_record
SF:lib/core/di/env_providers.g.dart
DA:18,15
DA:19,0
DA:29,0
DA:30,0
DA:32,0
DA:35,0
DA:37,0
DA:39,0
DA:43,1
DA:44,1
DA:46,1
DA:51,0
LF:12
LH:4
end_of_record
SF:lib/core/di/env_providers.dart
DA:6,0
DA:8,0
DA:9,0
DA:10,0
DA:11,0
DA:20,1
DA:26,0
DA:27,0
LF:8
LH:1
end_of_record
SF:lib/core/di/interceptor/auth_interceptor.dart
DA:8,0
DA:10,0
DA:15,0
DA:17,0
DA:18,0
DA:21,0
LF:6
LH:0
end_of_record
SF:lib/core/di/interceptor/dio_interceptor.dart
DA:9,0
DA:13,0
DA:15,0
DA:17,0
DA:19,0
DA:20,0
DA:22,0
DA:23,0
DA:26,0
DA:27,0
DA:30,0
DA:33,0
DA:35,0
DA:37,0
DA:38,0
DA:39,0
DA:42,0
DA:45,0
DA:47,0
DA:49,0
DA:50,0
DA:51,0
DA:53,0
DA:55,0
DA:58,0
DA:61,0
DA:62,0
DA:73,0
DA:74,0
DA:75,0
DA:76,0
DA:82,0
DA:83,0
DA:84,0
DA:87,0
DA:89,0
LF:36
LH:0
end_of_record
SF:lib/core/di/interceptor/ssl.dart
DA:4,0
DA:6,0
LF:2
LH:0
end_of_record
SF:lib/core/di/logging_providers.g.dart
DA:23,15
DA:24,0
DA:34,0
DA:35,0
DA:37,0
DA:40,0
DA:42,0
DA:44,0
DA:48,0
DA:49,0
DA:51,0
DA:56,0
DA:69,0
DA:72,0
DA:80,0
DA:81,0
DA:83,0
DA:85,0
DA:87,0
DA:90,0
DA:93,0
DA:95,0
DA:97,0
DA:98,0
DA:102,0
DA:103,0
DA:105,0
DA:109,0
DA:111,0
DA:114,0
DA:116,0
DA:120,0
DA:124,15
DA:125,0
DA:133,0
DA:135,0
LF:36
LH:2
end_of_record
SF:lib/core/di/logging_providers.dart
DA:6,0
DA:7,0
DA:9,0
DA:11,0
LF:4
LH:0
end_of_record
SF:lib/core/di/network_providers.g.dart
DA:23,15
DA:24,0
DA:34,0
DA:35,0
DA:37,0
DA:41,0
DA:43,0
DA:45,0
DA:49,0
DA:50,0
DA:52,0
DA:59,0
DA:72,15
DA:73,0
DA:83,0
DA:84,0
DA:86,0
DA:90,0
DA:92,0
DA:94,0
DA:98,0
DA:111,15
DA:112,0
DA:122,0
DA:123,0
DA:125,0
DA:129,0
DA:131,0
DA:133,0
DA:137,0
DA:138,0
DA:140,0
DA:145,0
DA:153,15
DA:154,0
DA:164,0
DA:165,0
DA:167,0
DA:170,0
DA:172,0
DA:174,0
DA:178,0
DA:191,15
DA:192,0
DA:202,0
DA:203,0
DA:205,0
DA:208,0
DA:210,0
DA:212,0
DA:216,0
LF:51
LH:5
end_of_record
SF:lib/core/di/network_providers.dart
DA:14,0
DA:16,0
DA:19,0
DA:21,0
DA:22,0
DA:25,0
DA:27,0
DA:28,0
DA:29,0
DA:32,0
DA:34,0
DA:36,0
DA:37,0
DA:38,0
DA:41,0
DA:43,0
DA:48,0
DA:50,0
DA:52,0
DA:53,0
DA:56,0
DA:61,0
DA:63,0
DA:64,0
LF:24
LH:0
end_of_record
SF:lib/core/di/storage_providers.g.dart
DA:23,15
DA:24,0
DA:34,0
DA:35,0
DA:37,0
DA:41,0
DA:43,0
DA:45,0
DA:49,0
LF:9
LH:1
end_of_record
SF:lib/core/di/storage_providers.dart
DA:7,0
DA:9,0
DA:10,0
LF:3
LH:0
end_of_record
SF:lib/core/network/endpoints.dart
DA:2,0
DA:5,1
DA:8,3
DA:11,3
DA:14,1
DA:17,3
DA:20,1
DA:23,3
DA:26,2
DA:29,1
DA:32,1
DA:35,0
DA:38,0
DA:41,3
LF:14
LH:11
end_of_record
SF:lib/features/auth/data/dto/auth_request.dart
DA:5,1
DA:10,2
DA:11,1
DA:12,1
LF:4
LH:4
end_of_record
SF:lib/features/auth/data/dto/auth_response.dart
DA:4,1
DA:6,1
DA:7,1
DA:8,1
LF:4
LH:4
end_of_record
SF:lib/features/auth/data/repositories/auth_repository.dart
DA:12,1
DA:14,1
DA:16,2
DA:17,1
DA:18,2
DA:21,1
DA:22,1
DA:25,3
DA:26,1
DA:27,2
DA:29,2
DA:30,2
DA:31,2
DA:33,0
DA:37,1
DA:39,3
DA:40,1
DA:41,2
DA:43,2
DA:44,2
DA:46,0
DA:50,1
DA:52,2
DA:53,1
DA:54,2
DA:57,1
DA:58,1
DA:61,3
DA:62,1
DA:63,2
DA:65,2
DA:66,2
DA:68,0
LF:33
LH:30
end_of_record
SF:lib/features/auth/di/auth_providers.g.dart
DA:23,15
DA:24,0
DA:34,0
DA:35,0
DA:37,0
DA:41,0
DA:43,0
DA:45,0
DA:49,0
LF:9
LH:1
end_of_record
SF:lib/features/auth/di/auth_providers.dart
DA:8,0
DA:10,0
DA:11,0
DA:12,0
LF:4
LH:0
end_of_record
SF:lib/features/auth/presentation/controllers/auth_controller.dart
DA:4,2
DA:5,1
DA:8,1
DA:11,4
DA:12,4
DA:13,1
DA:14,3
DA:16,1
DA:17,5
DA:19,1
DA:20,5
DA:22,4
DA:24,1
DA:25,2
DA:27,1
DA:28,3
DA:29,3
DA:33,1
DA:34,3
DA:35,4
DA:36,2
DA:40,1
DA:46,1
DA:48,3
DA:52,3
DA:54,6
DA:55,3
DA:57,4
DA:61,1
DA:67,1
DA:69,3
DA:73,3
DA:75,6
DA:76,3
DA:78,4
DA:82,2
LF:36
LH:36
end_of_record
SF:lib/features/auth/states/auth_state.dart
DA:11,18
DA:21,2
DA:22,14
DA:24,2
DA:33,2
DA:34,2
DA:35,2
DA:36,2
DA:37,2
DA:38,2
DA:39,2
LF:11
LH:11
end_of_record
SF:lib/features/auth/presentation/screens/login_screen.dart
DA:8,15
DA:10,0
DA:12,0
DA:13,0
DA:15,0
DA:17,0
DA:18,0
DA:19,0
DA:21,0
DA:23,0
DA:25,0
DA:36,0
DA:38,0
DA:42,0
DA:43,0
DA:46,0
DA:47,0
DA:49,0
DA:50,0
DA:51,0
DA:52,0
DA:53,0
DA:56,0
DA:58,0
DA:62,0
DA:64,0
DA:65,0
DA:72,0
DA:73,0
DA:74,0
DA:78,0
DA:80,0
DA:83,0
DA:85,0
DA:87,0
DA:88,0
DA:89,0
DA:93,0
DA:94,0
DA:96,0
DA:101,0
DA:102,0
DA:111,0
DA:117,0
DA:119,0
DA:120,0
DA:121,0
DA:137,0
DA:139,0
DA:142,0
DA:148,0
DA:152,0
LF:52
LH:1
end_of_record
SF:lib/features/auth/presentation/screens/signup_screen.dart
DA:10,15
DA:12,0
DA:14,0
DA:15,0
DA:17,0
DA:19,0
DA:21,0
DA:22,0
DA:23,0
DA:25,0
DA:27,0
DA:29,0
DA:31,0
DA:32,0
DA:34,0
DA:37,0
DA:47,0
DA:49,0
DA:51,0
DA:56,0
DA:58,0
DA:61,0
DA:65,0
DA:67,0
DA:69,0
DA:70,0
DA:71,0
DA:72,0
DA:73,0
DA:74,0
DA:77,0
DA:83,0
DA:85,0
DA:87,0
DA:88,0
DA:90,0
DA:91,0
DA:92,0
DA:93,0
DA:96,0
DA:101,0
DA:112,0
DA:114,0
DA:115,0
DA:123,0
DA:125,0
DA:127,0
DA:129,0
DA:130,0
DA:131,0
DA:135,0
DA:136,0
DA:139,0
DA:144,0
DA:145,0
DA:153,0
DA:160,0
DA:162,0
DA:163,0
DA:164,0
DA:165,0
DA:185,0
DA:187,0
DA:188,0
DA:189,0
DA:191,0
DA:192,0
DA:196,0
DA:197,0
DA:198,0
DA:226,0
DA:228,0
DA:230,0
DA:231,0
DA:232,0
DA:233,0
LF:76
LH:1
end_of_record
SF:lib/features/auth/presentation/screens/splash_screen.dart
DA:9,15
DA:11,0
DA:12,0
DA:18,0
DA:20,0
DA:21,0
DA:24,0
DA:25,0
DA:26,0
DA:28,0
DA:29,0
DA:31,0
DA:32,0
DA:37,0
DA:38,0
DA:40,0
DA:42,0
DA:43,0
DA:47,0
DA:48,0
DA:49,0
DA:52,0
DA:54,0
DA:56,0
DA:57,0
DA:59,0
LF:26
LH:1
end_of_record
SF:lib/features/category_news/data/category_news_repository.dart
DA:9,1
DA:11,1
DA:17,2
DA:18,2
DA:19,1
DA:22,1
DA:23,3
DA:24,1
DA:27,1
DA:28,1
DA:29,2
DA:32,3
DA:33,1
DA:37,2
DA:38,2
DA:39,2
DA:43,1
DA:45,4
DA:47,4
LF:19
LH:19
end_of_record
SF:lib/features/category_news/data/models/category_news_item.dart
DA:19,2
DA:35,1
DA:36,1
DA:37,1
DA:38,1
DA:39,1
DA:40,1
DA:41,1
DA:42,1
DA:43,1
DA:44,1
DA:45,1
DA:46,2
DA:47,2
DA:48,2
DA:49,2
DA:53,0
DA:54,0
DA:55,0
DA:56,0
DA:57,0
DA:58,0
DA:59,0
DA:60,0
DA:61,0
DA:62,0
DA:63,0
DA:64,0
DA:65,0
DA:66,0
LF:30
LH:16
end_of_record
SF:lib/features/category_news/di/category_news_providers.g.dart
DA:25,15
DA:26,0
DA:36,0
DA:37,0
DA:39,0
DA:43,0
DA:45,0
DA:47,0
DA:51,0
LF:9
LH:1
end_of_record
SF:lib/features/category_news/di/category_news_providers.dart
DA:7,0
DA:9,0
DA:10,0
LF:3
LH:0
end_of_record
SF:lib/features/category_news/presentation/controllers/category_news_controller.dart
DA:12,1
DA:13,1
DA:15,0
DA:16,0
DA:19,1
DA:20,4
DA:23,0
DA:24,0
DA:26,0
DA:27,0
DA:35,0
DA:36,0
DA:37,0
DA:39,0
DA:40,0
DA:43,0
DA:44,0
DA:46,0
DA:47,0
DA:48,0
DA:55,0
DA:57,0
DA:58,0
DA:61,0
DA:62,0
DA:64,0
DA:68,0
DA:71,0
DA:72,0
DA:77,2
DA:78,3
DA:79,1
LF:32
LH:7
end_of_record
SF:lib/features/category_news/presentation/pages/category_news_screen.dart
DA:10,0
DA:12,0
DA:14,0
DA:15,0
DA:17,0
DA:19,0
DA:20,0
DA:22,0
DA:25,0
DA:26,0
DA:27,0
DA:28,0
DA:29,0
DA:30,0
DA:31,0
DA:34,0
DA:38,0
DA:40,0
DA:45,0
DA:47,0
LF:20
LH:0
end_of_record
SF:lib/features/home/data/home_repository.dart
DA:7,1
DA:9,1
DA:15,2
DA:16,1
DA:17,1
DA:25,1
DA:26,1
DA:27,2
DA:28,3
DA:29,1
DA:32,2
DA:34,3
DA:35,1
DA:38,1
DA:43,4
DA:45,4
LF:16
LH:16
end_of_record
SF:lib/features/home/data/models/category_with_news_model.dart
DA:10,3
DA:15,1
DA:16,1
DA:17,2
DA:18,1
DA:19,3
DA:20,1
LF:7
LH:7
end_of_record
SF:lib/features/home/data/models/category_model.dart
DA:8,3
DA:16,1
DA:17,1
DA:18,1
DA:19,1
DA:20,1
DA:21,1
DA:22,1
LF:8
LH:8
end_of_record
SF:lib/features/home/di/home_providers.g.dart
DA:23,15
DA:24,0
DA:34,1
DA:35,1
DA:37,1
DA:41,1
DA:43,0
DA:45,0
DA:49,1
LF:9
LH:6
end_of_record
SF:lib/features/home/di/home_providers.dart
DA:7,0
DA:9,0
DA:10,0
LF:3
LH:0
end_of_record
SF:lib/features/home/presentation/controllers/home_controller.dart
DA:8,2
DA:9,1
DA:16,0
DA:18,0
DA:22,0
DA:23,0
DA:26,1
DA:28,3
DA:30,1
DA:37,3
DA:38,1
DA:40,1
DA:41,1
DA:42,1
DA:45,3
DA:47,2
DA:51,1
DA:52,4
DA:55,1
DA:57,2
DA:58,2
DA:59,3
DA:62,1
DA:64,2
DA:65,0
DA:70,1
DA:71,2
DA:74,1
DA:76,1
DA:78,6
DA:79,1
DA:82,3
DA:83,2
DA:84,1
DA:85,1
DA:86,1
DA:88,1
DA:90,2
DA:92,2
DA:93,1
DA:97,3
DA:99,2
DA:101,1
DA:102,1
DA:103,2
DA:104,1
LF:46
LH:41
end_of_record
SF:lib/features/home/states/home_state.dart
DA:10,3
DA:17,2
DA:23,2
DA:24,1
DA:25,1
DA:26,2
LF:6
LH:6
end_of_record
SF:lib/features/home/presentation/screens/home_screen.dart
DA:10,15
DA:12,0
DA:13,0
DA:19,0
DA:21,0
DA:22,0
DA:24,0
DA:26,0
DA:27,0
DA:28,0
DA:30,0
DA:32,0
DA:43,0
DA:44,0
DA:45,0
DA:46,0
DA:47,0
DA:48,0
DA:55,0
DA:56,0
DA:57,0
DA:58,0
DA:62,0
DA:71,0
DA:73,0
DA:74,0
DA:75,0
DA:76,0
DA:78,0
DA:79,0
DA:82,0
DA:84,0
DA:86,0
DA:88,0
DA:90,0
DA:91,0
DA:93,0
DA:100,0
DA:101,0
DA:103,0
DA:104,0
DA:105,0
DA:107,0
DA:109,0
DA:110,0
DA:135,0
DA:137,0
DA:141,0
DA:143,0
DA:144,0
DA:145,0
DA:146,0
DA:148,0
DA:149,0
DA:150,0
DA:151,0
DA:152,0
DA:156,0
DA:170,15
DA:172,0
DA:174,0
DA:175,0
DA:189,0
DA:191,0
DA:193,0
DA:195,0
DA:197,0
DA:198,0
DA:200,0
DA:201,0
DA:202,0
DA:203,0
DA:204,0
DA:206,0
DA:207,0
DA:211,0
DA:214,0
DA:215,0
DA:216,0
DA:217,0
DA:222,0
DA:226,0
DA:227,0
DA:247,0
DA:253,0
DA:254,0
DA:255,0
DA:256,0
DA:259,0
DA:261,0
DA:263,0
DA:265,0
DA:266,0
DA:267,0
DA:268,0
DA:270,0
DA:271,0
DA:272,0
DA:280,0
DA:281,0
DA:282,0
DA:287,0
DA:288,0
DA:290,0
DA:292,0
DA:293,0
DA:295,0
DA:296,0
DA:298,0
DA:299,0
DA:302,0
DA:303,0
DA:308,0
DA:309,0
DA:310,0
DA:312,0
DA:313,0
DA:314,0
DA:315,0
DA:322,0
DA:325,0
DA:326,0
DA:327,0
DA:329,0
DA:330,0
LF:125
LH:2
end_of_record
SF:lib/features/twitter/presentation/screens/twitter_screen.dart
DA:9,15
DA:11,0
DA:12,0
DA:18,0
DA:20,0
DA:22,0
DA:23,0
DA:25,0
DA:26,0
DA:27,0
DA:31,0
DA:32,0
DA:33,0
DA:34,0
DA:37,0
DA:38,0
DA:39,0
DA:41,0
DA:45,0
DA:47,0
DA:62,0
DA:64,0
DA:66,0
DA:68,0
DA:70,0
DA:71,0
DA:72,0
DA:73,0
DA:76,0
DA:80,0
DA:81,0
DA:84,0
DA:98,0
DA:104,0
DA:106,0
DA:107,0
DA:108,0
DA:111,0
DA:112,0
DA:113,0
DA:114,0
DA:116,0
DA:117,0
DA:118,0
DA:120,0
DA:130,0
DA:132,0
DA:133,0
DA:134,0
DA:135,0
DA:136,0
DA:139,0
DA:141,0
DA:144,0
DA:146,0
DA:147,0
DA:149,0
DA:151,0
DA:152,0
DA:153,0
DA:154,0
DA:155,0
DA:156,0
DA:160,0
DA:161,0
DA:162,0
DA:168,0
DA:169,0
DA:170,0
DA:175,0
DA:176,0
DA:177,0
LF:72
LH:1
end_of_record
SF:lib/features/sources/data/models/follow_source_dto.dart
DA:5,2
DA:10,2
DA:11,1
DA:12,1
LF:4
LH:4
end_of_record
SF:lib/features/sources/data/models/news_source.dart
DA:10,3
DA:20,1
DA:21,1
DA:22,1
DA:23,1
DA:24,1
DA:25,1
DA:26,1
DA:27,1
DA:28,2
LF:10
LH:10
end_of_record
SF:lib/features/sources/data/source_repository.dart
DA:8,1
DA:10,1
DA:11,3
DA:13,1
DA:14,3
DA:15,1
DA:18,1
DA:19,3
DA:20,1
DA:23,1
DA:24,2
DA:25,1
DA:26,4
LF:13
LH:13
end_of_record
SF:lib/features/sources/di/source_providers.g.dart
DA:23,15
DA:24,0
DA:34,1
DA:35,1
DA:37,1
DA:41,1
DA:43,0
DA:45,0
DA:49,1
LF:9
LH:6
end_of_record
SF:lib/features/sources/di/source_providers.dart
DA:7,0
DA:9,0
DA:10,0
LF:3
LH:0
end_of_record
SF:lib/features/sources/presentation/controllers/sources_controller.dart
DA:6,2
DA:7,1
DA:11,1
DA:13,1
DA:17,1
DA:19,3
DA:20,1
DA:23,3
DA:24,3
DA:25,1
DA:27,2
DA:28,1
DA:34,2
DA:38,1
DA:39,2
DA:42,2
DA:43,3
DA:45,3
DA:48,1
DA:49,2
DA:52,3
DA:55,1
DA:56,2
DA:57,1
DA:59,2
DA:61,1
DA:62,1
DA:63,7
DA:65,1
DA:66,2
DA:67,5
DA:72,1
DA:73,2
DA:76,3
DA:79,1
DA:80,3
DA:81,1
DA:82,3
DA:84,1
DA:86,3
DA:87,1
DA:89,3
DA:91,2
LF:43
LH:43
end_of_record
SF:lib/features/sources/states/sources_state.dart
DA:10,3
DA:17,2
DA:23,2
DA:24,2
DA:25,2
DA:26,2
DA:27,2
LF:7
LH:7
end_of_record
SF:lib/features/sources/presentation/screens/select_source_screen.dart
DA:7,15
DA:9,0
DA:11,0
DA:12,0
DA:14,0
DA:16,0
DA:17,0
DA:18,0
DA:19,0
DA:20,0
DA:21,0
DA:23,0
DA:24,0
DA:25,0
DA:27,0
DA:28,0
DA:35,0
DA:36,0
DA:38,0
DA:39,0
DA:41,0
DA:42,0
DA:44,0
DA:45,0
DA:52,0
DA:53,0
DA:54,0
DA:56,0
DA:57,0
DA:60,0
DA:61,0
DA:62,0
DA:66,0
DA:67,0
DA:68,0
DA:74,0
DA:77,0
DA:79,0
DA:82,0
DA:84,0
DA:86,0
DA:87,0
DA:89,0
DA:90,0
DA:97,0
LF:45
LH:1
end_of_record
SF:lib/features/twitter/data/models/tweet_item.dart
DA:10,1
DA:20,1
DA:21,1
DA:22,1
DA:23,1
DA:24,1
DA:25,1
DA:26,1
DA:27,2
DA:28,2
LF:10
LH:10
end_of_record
SF:lib/features/twitter/data/twitter_repository.dart
DA:9,1
DA:11,1
DA:16,2
DA:17,1
DA:18,1
DA:25,1
DA:26,3
DA:27,1
DA:30,1
DA:31,1
DA:32,2
DA:35,3
DA:36,1
LF:13
LH:13
end_of_record
SF:lib/features/twitter/di/twitter_provider.g.dart
DA:25,15
DA:26,0
DA:36,0
DA:37,0
DA:39,0
DA:43,0
DA:45,0
DA:47,0
DA:51,0
LF:9
LH:1
end_of_record
SF:lib/features/twitter/di/twitter_provider.dart
DA:7,0
DA:9,0
DA:10,0
LF:3
LH:0
end_of_record
SF:lib/features/twitter/presentation/controllers/tweets_controller.dart
DA:14,1
DA:15,1
DA:16,0
DA:17,0
DA:18,0
DA:21,1
DA:22,4
DA:25,0
DA:26,0
DA:28,0
DA:31,0
DA:37,3
DA:40,2
DA:41,3
DA:42,1
LF:15
LH:8
end_of_record
